<?xml version="1.0" encoding="UTF-8"?><testsuite errors="1" failures="0" name="Blibli login" skipped="0" tests="1" time="106.2" timestamp="2017-08-226 09:07:39"><testcase name="Go to blibli site and login"><error message="Unable to locate element: {&quot;method&quot;:&quot;id&quot;,&quot;selector&quot;:&quot;gdn-payment-option-KlikBCA&quot;}&#10;Command duration or timeout: 2.10 seconds&#10;For documentation on this error, please visit: http://seleniumhq.org/exceptions/no_such_element.html&#10;Build info: version: '2.53.1', revision: 'a36b8b1cd5757287168e54b817830adce9b0158d', time: '2016-06-30 19:26:09'&#10;System info: host: 'Azhalias-MacBook-Pro.local', ip: '127.0.0.1', os.name: 'Mac OS X', os.arch: 'x86_64', os.version: '10.12.5', java.version: '1.8.0_121'&#10;Driver info: org.openqa.selenium.firefox.FirefoxDriver&#10;Capabilities [{applicationCacheEnabled=true, rotatable=false, handlesAlerts=true, databaseEnabled=true, version=46.0.1, platform=MAC, nativeEvents=false, acceptSslCerts=true, webStorageEnabled=true, locationContextEnabled=true, browserName=firefox, takesScreenshot=true, javascriptEnabled=true, cssSelectorsEnabled=true}]&#10;Session ID: e6cfb74c-b903-d14a-9ead-66b8d02a057c&#10;*** Element info: {Using=id, value=gdn-payment-option-KlikBCA}" type="org.openqa.selenium.NoSuchElementException">Unable to locate element: {"method":"id","selector":"gdn-payment-option-KlikBCA"}
Command duration or timeout: 2.10 seconds
For documentation on this error, please visit: http://seleniumhq.org/exceptions/no_such_element.html
Build info: version: '2.53.1', revision: 'a36b8b1cd5757287168e54b817830adce9b0158d', time: '2016-06-30 19:26:09'
System info: host: 'Azhalias-MacBook-Pro.local', ip: '127.0.0.1', os.name: 'Mac OS X', os.arch: 'x86_64', os.version: '10.12.5', java.version: '1.8.0_121'
Driver info: org.openqa.selenium.firefox.FirefoxDriver
Capabilities [{applicationCacheEnabled=true, rotatable=false, handlesAlerts=true, databaseEnabled=true, version=46.0.1, platform=MAC, nativeEvents=false, acceptSslCerts=true, webStorageEnabled=true, locationContextEnabled=true, browserName=firefox, takesScreenshot=true, javascriptEnabled=true, cssSelectorsEnabled=true}]
Session ID: e6cfb74c-b903-d14a-9ead-66b8d02a057c
*** Element info: {Using=id, value=gdn-payment-option-KlikBCA}</error><system-err>Unable to locate element: {"method":"id","selector":"gdn-payment-option-KlikBCA"}
Command duration or timeout: 2.10 seconds
For documentation on this error, please visit: http://seleniumhq.org/exceptions/no_such_element.html
Build info: version: '2.53.1', revision: 'a36b8b1cd5757287168e54b817830adce9b0158d', time: '2016-06-30 19:26:09'
System info: host: 'Azhalias-MacBook-Pro.local', ip: '127.0.0.1', os.name: 'Mac OS X', os.arch: 'x86_64', os.version: '10.12.5', java.version: '1.8.0_121'
Driver info: org.openqa.selenium.firefox.FirefoxDriver
Capabilities [{applicationCacheEnabled=true, rotatable=false, handlesAlerts=true, databaseEnabled=true, version=46.0.1, platform=MAC, nativeEvents=false, acceptSslCerts=true, webStorageEnabled=true, locationContextEnabled=true, browserName=firefox, takesScreenshot=true, javascriptEnabled=true, cssSelectorsEnabled=true}]
Session ID: e6cfb74c-b903-d14a-9ead-66b8d02a057c
*** Element info: {Using=id, value=gdn-payment-option-KlikBCA}
com.blibli.pages.BlibliHomePage.getDropdownPaymentOption(BlibliHomePage.java:160)
com.blibli.Behaviour.BlibliHomePageBehaviour.choosePayment(BlibliHomePageBehaviour.java:65)
com.blibli.steps.DefinitionSteps.whenPaymentOptionChosen(DefinitionSteps.java:77)
</system-err></testcase></testsuite>